$ ./run.sh 
++ make clean
make -C ./src COMPILER=GNU clean
make[1]: Entering directory '/home/preames/benchmarking/TSVC_2/src'
rm -f *.o *.s
make[1]: Leaving directory '/home/preames/benchmarking/TSVC_2/src'
++ /home/preames/llvm-dev/build/bin/clang -v
clang version 21.0.0git (https://github.com/llvm/llvm-project.git ee6362515dfa4fe4531c7a7690c270313669195b)
Target: x86_64-unknown-linux-gnu
Thread model: posix
InstalledDir: /home/preames/llvm-dev/build/bin
Build config: +assertions
Found candidate GCC installation: /usr/lib/gcc/x86_64-linux-gnu/11
Found candidate GCC installation: /usr/lib/gcc/x86_64-linux-gnu/12
Found candidate GCC installation: /usr/lib/gcc/x86_64-linux-gnu/9
Selected GCC installation: /usr/lib/gcc/x86_64-linux-gnu/12
Candidate multilib: .;@m64
Selected multilib: .;@m64
++ git diff
diff --git a/makefiles/Makefile.clang b/makefiles/Makefile.clang
index cefe725..0a42c83 100644
--- a/makefiles/Makefile.clang
+++ b/makefiles/Makefile.clang
@@ -1,9 +1,9 @@
 
-CC=clang
-CXX=clang++
+CC=/home/preames/llvm-dev/build/bin/clang --sysroot=/rivos/riscv-gnu-toolchain/sysroot  -target riscv64-unknown-linux-gnu --gcc-toolchain=/rivos/riscv-gnu-toolchain -fuse-ld=/rivos/riscv-gnu-toolchain/bin/riscv64-unknown-linux-gnu-ld.bfd -rtlib=libgcc -stdlib=libstdc++ -isystem /rivos/llvm/lib/clang/17/include -isystem /rivos/riscv-gnu-toolchain/lib/gcc/riscv64-unknown-linux-gnu/11.1.0/../../../../riscv64-unknown-linux-gnu/include -isystem /rivos/riscv-gnu-toolchain/sysroot/usr/include
+CXX=/home/preames/llvm-dev/build/bin/clang++ --sysroot=/rivos/riscv-gnu-toolchain/sysroot  -target riscv64-unknown-linux-gnu --gcc-toolchain=/rivos/riscv-gnu-toolchain -fuse-ld=/rivos/riscv-gnu-toolchain/bin/riscv64-unknown-linux-gnu-ld.bfd -rtlib=libgcc -stdlib=libstdc++   -isystem /rivos/riscv-gnu-toolchain/lib/gcc/riscv64-unknown-linux-gnu/12.1.0/../../../../riscv64-unknown-linux-gnu/include/c++/12.1.0  -isystem /rivos/riscv-gnu-toolchain/lib/gcc/riscv64-unknown-linux-gnu/12.1.0/../../../../riscv64-unknown-linux-gnu/include/c++/12.1.0/riscv64-unknown-linux-gnu  -isystem  /rivos/riscv-gnu-toolchain/lib/gcc/riscv64-unknown-linux-gnu/12.1.0/../../../../riscv64-unknown-linux-gnu/include/c++/12.1.0/backward  -isystem /rivos/riscv-gnu-toolchain/lib/gcc/riscv64-unknown-linux-gnu/12.1.0/include   -isystem /rivos/riscv-gnu-toolchain/lib/gcc/riscv64-unknown-linux-gnu/12.1.0/include-fixed  -isystem /rivos/riscv-gnu-toolchain/lib/gcc/riscv64-unknown-linux-gnu/12.1.0/../../../../riscv64-unknown-linux-gnu/include  -isystem /rivos/riscv-gnu-toolchain/sysroot/usr/include
 # no FC for clang
 FC=
-flags = -O3 -fstrict-aliasing
+flags = -O3 -fstrict-aliasing -mcpu=spacemit-x60 -mllvm -force-tail-folding-style=data -mllvm -prefer-predicate-over-epilogue=predicate-else-scalar-epilogue
 vecflags = -fvectorize -fslp-vectorize-aggressive
 novecflags = -fno-vectorize
 omp_flags=-fopenmp=libomp
++ make COMPILER=clang
make[1]: Entering directory '/home/preames/benchmarking/TSVC_2/src'
/home/preames/llvm-dev/build/bin/clang --sysroot=/rivos/riscv-gnu-toolchain/sysroot  -target riscv64-unknown-linux-gnu --gcc-toolchain=/rivos/riscv-gnu-toolchain -fuse-ld=/rivos/riscv-gnu-toolchain/bin/riscv64-unknown-linux-gnu-ld.bfd -rtlib=libgcc -stdlib=libstdc++ -isystem /rivos/llvm/lib/clang/17/include -isystem /rivos/riscv-gnu-toolchain/lib/gcc/riscv64-unknown-linux-gnu/11.1.0/../../../../riscv64-unknown-linux-gnu/include -isystem /rivos/riscv-gnu-toolchain/sysroot/usr/include -O3 -fstrict-aliasing -mcpu=spacemit-x60 -mllvm -force-tail-folding-style=data -mllvm -prefer-predicate-over-epilogue=predicate-else-scalar-epilogue -fvectorize -fslp-vectorize-aggressive -c -o tsvc_vec.o tsvc.c
clang: warning: the flag '-fslp-vectorize-aggressive' has been deprecated and will be ignored [-Wunused-command-line-argument]
clang: warning: argument unused during compilation: '-fuse-ld=/rivos/riscv-gnu-toolchain/bin/riscv64-unknown-linux-gnu-ld.bfd' [-Wunused-command-line-argument]
clang: warning: argument unused during compilation: '-rtlib=libgcc' [-Wunused-command-line-argument]
clang: warning: argument unused during compilation: '-stdlib=libstdc++' [-Wunused-command-line-argument]
/home/preames/llvm-dev/build/bin/clang --sysroot=/rivos/riscv-gnu-toolchain/sysroot  -target riscv64-unknown-linux-gnu --gcc-toolchain=/rivos/riscv-gnu-toolchain -fuse-ld=/rivos/riscv-gnu-toolchain/bin/riscv64-unknown-linux-gnu-ld.bfd -rtlib=libgcc -stdlib=libstdc++ -isystem /rivos/llvm/lib/clang/17/include -isystem /rivos/riscv-gnu-toolchain/lib/gcc/riscv64-unknown-linux-gnu/11.1.0/../../../../riscv64-unknown-linux-gnu/include -isystem /rivos/riscv-gnu-toolchain/sysroot/usr/include -O3 -fstrict-aliasing -mcpu=spacemit-x60 -mllvm -force-tail-folding-style=data -mllvm -prefer-predicate-over-epilogue=predicate-else-scalar-epilogue -fvectorize -fslp-vectorize-aggressive  -c -o dummy.o dummy.c
clang: warning: the flag '-fslp-vectorize-aggressive' has been deprecated and will be ignored [-Wunused-command-line-argument]
clang: warning: argument unused during compilation: '-fuse-ld=/rivos/riscv-gnu-toolchain/bin/riscv64-unknown-linux-gnu-ld.bfd' [-Wunused-command-line-argument]
clang: warning: argument unused during compilation: '-rtlib=libgcc' [-Wunused-command-line-argument]
clang: warning: argument unused during compilation: '-stdlib=libstdc++' [-Wunused-command-line-argument]
/home/preames/llvm-dev/build/bin/clang --sysroot=/rivos/riscv-gnu-toolchain/sysroot  -target riscv64-unknown-linux-gnu --gcc-toolchain=/rivos/riscv-gnu-toolchain -fuse-ld=/rivos/riscv-gnu-toolchain/bin/riscv64-unknown-linux-gnu-ld.bfd -rtlib=libgcc -stdlib=libstdc++ -isystem /rivos/llvm/lib/clang/17/include -isystem /rivos/riscv-gnu-toolchain/lib/gcc/riscv64-unknown-linux-gnu/11.1.0/../../../../riscv64-unknown-linux-gnu/include -isystem /rivos/riscv-gnu-toolchain/sysroot/usr/include -O3 -fstrict-aliasing -mcpu=spacemit-x60 -mllvm -force-tail-folding-style=data -mllvm -prefer-predicate-over-epilogue=predicate-else-scalar-epilogue -fvectorize -fslp-vectorize-aggressive  -c -o common.o common.c
clang: warning: the flag '-fslp-vectorize-aggressive' has been deprecated and will be ignored [-Wunused-command-line-argument]
clang: warning: argument unused during compilation: '-fuse-ld=/rivos/riscv-gnu-toolchain/bin/riscv64-unknown-linux-gnu-ld.bfd' [-Wunused-command-line-argument]
clang: warning: argument unused during compilation: '-rtlib=libgcc' [-Wunused-command-line-argument]
clang: warning: argument unused during compilation: '-stdlib=libstdc++' [-Wunused-command-line-argument]
/home/preames/llvm-dev/build/bin/clang --sysroot=/rivos/riscv-gnu-toolchain/sysroot  -target riscv64-unknown-linux-gnu --gcc-toolchain=/rivos/riscv-gnu-toolchain -fuse-ld=/rivos/riscv-gnu-toolchain/bin/riscv64-unknown-linux-gnu-ld.bfd -rtlib=libgcc -stdlib=libstdc++ -isystem /rivos/llvm/lib/clang/17/include -isystem /rivos/riscv-gnu-toolchain/lib/gcc/riscv64-unknown-linux-gnu/11.1.0/../../../../riscv64-unknown-linux-gnu/include -isystem /rivos/riscv-gnu-toolchain/sysroot/usr/include tsvc_vec.o dummy.o common.o -lm -o ../bin/clang/tsvc_vec_default
/home/preames/llvm-dev/build/bin/clang --sysroot=/rivos/riscv-gnu-toolchain/sysroot  -target riscv64-unknown-linux-gnu --gcc-toolchain=/rivos/riscv-gnu-toolchain -fuse-ld=/rivos/riscv-gnu-toolchain/bin/riscv64-unknown-linux-gnu-ld.bfd -rtlib=libgcc -stdlib=libstdc++ -isystem /rivos/llvm/lib/clang/17/include -isystem /rivos/riscv-gnu-toolchain/lib/gcc/riscv64-unknown-linux-gnu/11.1.0/../../../../riscv64-unknown-linux-gnu/include -isystem /rivos/riscv-gnu-toolchain/sysroot/usr/include -O3 -fstrict-aliasing -mcpu=spacemit-x60 -mllvm -force-tail-folding-style=data -mllvm -prefer-predicate-over-epilogue=predicate-else-scalar-epilogue -fno-vectorize -c -o tsvc_novec.o tsvc.c
clang: warning: argument unused during compilation: '-fuse-ld=/rivos/riscv-gnu-toolchain/bin/riscv64-unknown-linux-gnu-ld.bfd' [-Wunused-command-line-argument]
clang: warning: argument unused during compilation: '-rtlib=libgcc' [-Wunused-command-line-argument]
clang: warning: argument unused during compilation: '-stdlib=libstdc++' [-Wunused-command-line-argument]
/home/preames/llvm-dev/build/bin/clang --sysroot=/rivos/riscv-gnu-toolchain/sysroot  -target riscv64-unknown-linux-gnu --gcc-toolchain=/rivos/riscv-gnu-toolchain -fuse-ld=/rivos/riscv-gnu-toolchain/bin/riscv64-unknown-linux-gnu-ld.bfd -rtlib=libgcc -stdlib=libstdc++ -isystem /rivos/llvm/lib/clang/17/include -isystem /rivos/riscv-gnu-toolchain/lib/gcc/riscv64-unknown-linux-gnu/11.1.0/../../../../riscv64-unknown-linux-gnu/include -isystem /rivos/riscv-gnu-toolchain/sysroot/usr/include tsvc_novec.o dummy.o common.o -lm -o ../bin/clang/tsvc_novec_default
rm common.o tsvc_vec.o dummy.o tsvc_novec.o
make[1]: Leaving directory '/home/preames/benchmarking/TSVC_2/src'
make[1]: Entering directory '/home/preames/benchmarking/TSVC_2/src'
/home/preames/llvm-dev/build/bin/clang --sysroot=/rivos/riscv-gnu-toolchain/sysroot  -target riscv64-unknown-linux-gnu --gcc-toolchain=/rivos/riscv-gnu-toolchain -fuse-ld=/rivos/riscv-gnu-toolchain/bin/riscv64-unknown-linux-gnu-ld.bfd -rtlib=libgcc -stdlib=libstdc++ -isystem /rivos/llvm/lib/clang/17/include -isystem /rivos/riscv-gnu-toolchain/lib/gcc/riscv64-unknown-linux-gnu/11.1.0/../../../../riscv64-unknown-linux-gnu/include -isystem /rivos/riscv-gnu-toolchain/sysroot/usr/include -O3 -fstrict-aliasing -mcpu=spacemit-x60 -mllvm -force-tail-folding-style=data -mllvm -prefer-predicate-over-epilogue=predicate-else-scalar-epilogue -ffast-math -fvectorize -fslp-vectorize-aggressive -c -o tsvc_vec.o tsvc.c
clang: warning: the flag '-fslp-vectorize-aggressive' has been deprecated and will be ignored [-Wunused-command-line-argument]
clang: warning: argument unused during compilation: '-fuse-ld=/rivos/riscv-gnu-toolchain/bin/riscv64-unknown-linux-gnu-ld.bfd' [-Wunused-command-line-argument]
clang: warning: argument unused during compilation: '-rtlib=libgcc' [-Wunused-command-line-argument]
clang: warning: argument unused during compilation: '-stdlib=libstdc++' [-Wunused-command-line-argument]
/home/preames/llvm-dev/build/bin/clang --sysroot=/rivos/riscv-gnu-toolchain/sysroot  -target riscv64-unknown-linux-gnu --gcc-toolchain=/rivos/riscv-gnu-toolchain -fuse-ld=/rivos/riscv-gnu-toolchain/bin/riscv64-unknown-linux-gnu-ld.bfd -rtlib=libgcc -stdlib=libstdc++ -isystem /rivos/llvm/lib/clang/17/include -isystem /rivos/riscv-gnu-toolchain/lib/gcc/riscv64-unknown-linux-gnu/11.1.0/../../../../riscv64-unknown-linux-gnu/include -isystem /rivos/riscv-gnu-toolchain/sysroot/usr/include -O3 -fstrict-aliasing -mcpu=spacemit-x60 -mllvm -force-tail-folding-style=data -mllvm -prefer-predicate-over-epilogue=predicate-else-scalar-epilogue -ffast-math -fvectorize -fslp-vectorize-aggressive  -c -o dummy.o dummy.c
clang: warning: the flag '-fslp-vectorize-aggressive' has been deprecated and will be ignored [-Wunused-command-line-argument]
clang: warning: argument unused during compilation: '-fuse-ld=/rivos/riscv-gnu-toolchain/bin/riscv64-unknown-linux-gnu-ld.bfd' [-Wunused-command-line-argument]
clang: warning: argument unused during compilation: '-rtlib=libgcc' [-Wunused-command-line-argument]
clang: warning: argument unused during compilation: '-stdlib=libstdc++' [-Wunused-command-line-argument]
/home/preames/llvm-dev/build/bin/clang --sysroot=/rivos/riscv-gnu-toolchain/sysroot  -target riscv64-unknown-linux-gnu --gcc-toolchain=/rivos/riscv-gnu-toolchain -fuse-ld=/rivos/riscv-gnu-toolchain/bin/riscv64-unknown-linux-gnu-ld.bfd -rtlib=libgcc -stdlib=libstdc++ -isystem /rivos/llvm/lib/clang/17/include -isystem /rivos/riscv-gnu-toolchain/lib/gcc/riscv64-unknown-linux-gnu/11.1.0/../../../../riscv64-unknown-linux-gnu/include -isystem /rivos/riscv-gnu-toolchain/sysroot/usr/include -O3 -fstrict-aliasing -mcpu=spacemit-x60 -mllvm -force-tail-folding-style=data -mllvm -prefer-predicate-over-epilogue=predicate-else-scalar-epilogue -ffast-math -fvectorize -fslp-vectorize-aggressive  -c -o common.o common.c
clang: warning: the flag '-fslp-vectorize-aggressive' has been deprecated and will be ignored [-Wunused-command-line-argument]
clang: warning: argument unused during compilation: '-fuse-ld=/rivos/riscv-gnu-toolchain/bin/riscv64-unknown-linux-gnu-ld.bfd' [-Wunused-command-line-argument]
clang: warning: argument unused during compilation: '-rtlib=libgcc' [-Wunused-command-line-argument]
clang: warning: argument unused during compilation: '-stdlib=libstdc++' [-Wunused-command-line-argument]
/home/preames/llvm-dev/build/bin/clang --sysroot=/rivos/riscv-gnu-toolchain/sysroot  -target riscv64-unknown-linux-gnu --gcc-toolchain=/rivos/riscv-gnu-toolchain -fuse-ld=/rivos/riscv-gnu-toolchain/bin/riscv64-unknown-linux-gnu-ld.bfd -rtlib=libgcc -stdlib=libstdc++ -isystem /rivos/llvm/lib/clang/17/include -isystem /rivos/riscv-gnu-toolchain/lib/gcc/riscv64-unknown-linux-gnu/11.1.0/../../../../riscv64-unknown-linux-gnu/include -isystem /rivos/riscv-gnu-toolchain/sysroot/usr/include tsvc_vec.o dummy.o common.o -lm -o ../bin/clang/tsvc_vec_relaxed
/home/preames/llvm-dev/build/bin/clang --sysroot=/rivos/riscv-gnu-toolchain/sysroot  -target riscv64-unknown-linux-gnu --gcc-toolchain=/rivos/riscv-gnu-toolchain -fuse-ld=/rivos/riscv-gnu-toolchain/bin/riscv64-unknown-linux-gnu-ld.bfd -rtlib=libgcc -stdlib=libstdc++ -isystem /rivos/llvm/lib/clang/17/include -isystem /rivos/riscv-gnu-toolchain/lib/gcc/riscv64-unknown-linux-gnu/11.1.0/../../../../riscv64-unknown-linux-gnu/include -isystem /rivos/riscv-gnu-toolchain/sysroot/usr/include -O3 -fstrict-aliasing -mcpu=spacemit-x60 -mllvm -force-tail-folding-style=data -mllvm -prefer-predicate-over-epilogue=predicate-else-scalar-epilogue -ffast-math -fno-vectorize -c -o tsvc_novec.o tsvc.c
clang: warning: argument unused during compilation: '-fuse-ld=/rivos/riscv-gnu-toolchain/bin/riscv64-unknown-linux-gnu-ld.bfd' [-Wunused-command-line-argument]
clang: warning: argument unused during compilation: '-rtlib=libgcc' [-Wunused-command-line-argument]
clang: warning: argument unused during compilation: '-stdlib=libstdc++' [-Wunused-command-line-argument]
/home/preames/llvm-dev/build/bin/clang --sysroot=/rivos/riscv-gnu-toolchain/sysroot  -target riscv64-unknown-linux-gnu --gcc-toolchain=/rivos/riscv-gnu-toolchain -fuse-ld=/rivos/riscv-gnu-toolchain/bin/riscv64-unknown-linux-gnu-ld.bfd -rtlib=libgcc -stdlib=libstdc++ -isystem /rivos/llvm/lib/clang/17/include -isystem /rivos/riscv-gnu-toolchain/lib/gcc/riscv64-unknown-linux-gnu/11.1.0/../../../../riscv64-unknown-linux-gnu/include -isystem /rivos/riscv-gnu-toolchain/sysroot/usr/include tsvc_novec.o dummy.o common.o -lm -o ../bin/clang/tsvc_novec_relaxed
rm common.o tsvc_vec.o dummy.o tsvc_novec.o
make[1]: Leaving directory '/home/preames/benchmarking/TSVC_2/src'
make[1]: Entering directory '/home/preames/benchmarking/TSVC_2/src'
/home/preames/benchmarking/TSVC_2/makefiles/Makefile.clang:21: No 'precise' math flags for clang!
/home/preames/llvm-dev/build/bin/clang --sysroot=/rivos/riscv-gnu-toolchain/sysroot  -target riscv64-unknown-linux-gnu --gcc-toolchain=/rivos/riscv-gnu-toolchain -fuse-ld=/rivos/riscv-gnu-toolchain/bin/riscv64-unknown-linux-gnu-ld.bfd -rtlib=libgcc -stdlib=libstdc++ -isystem /rivos/llvm/lib/clang/17/include -isystem /rivos/riscv-gnu-toolchain/lib/gcc/riscv64-unknown-linux-gnu/11.1.0/../../../../riscv64-unknown-linux-gnu/include -isystem /rivos/riscv-gnu-toolchain/sysroot/usr/include -O3 -fstrict-aliasing -mcpu=spacemit-x60 -mllvm -force-tail-folding-style=data -mllvm -prefer-predicate-over-epilogue=predicate-else-scalar-epilogue  -fvectorize -fslp-vectorize-aggressive -c -o tsvc_vec.o tsvc.c
clang: warning: the flag '-fslp-vectorize-aggressive' has been deprecated and will be ignored [-Wunused-command-line-argument]
clang: warning: argument unused during compilation: '-fuse-ld=/rivos/riscv-gnu-toolchain/bin/riscv64-unknown-linux-gnu-ld.bfd' [-Wunused-command-line-argument]
clang: warning: argument unused during compilation: '-rtlib=libgcc' [-Wunused-command-line-argument]
clang: warning: argument unused during compilation: '-stdlib=libstdc++' [-Wunused-command-line-argument]
/home/preames/llvm-dev/build/bin/clang --sysroot=/rivos/riscv-gnu-toolchain/sysroot  -target riscv64-unknown-linux-gnu --gcc-toolchain=/rivos/riscv-gnu-toolchain -fuse-ld=/rivos/riscv-gnu-toolchain/bin/riscv64-unknown-linux-gnu-ld.bfd -rtlib=libgcc -stdlib=libstdc++ -isystem /rivos/llvm/lib/clang/17/include -isystem /rivos/riscv-gnu-toolchain/lib/gcc/riscv64-unknown-linux-gnu/11.1.0/../../../../riscv64-unknown-linux-gnu/include -isystem /rivos/riscv-gnu-toolchain/sysroot/usr/include -O3 -fstrict-aliasing -mcpu=spacemit-x60 -mllvm -force-tail-folding-style=data -mllvm -prefer-predicate-over-epilogue=predicate-else-scalar-epilogue  -fvectorize -fslp-vectorize-aggressive  -c -o dummy.o dummy.c
clang: warning: the flag '-fslp-vectorize-aggressive' has been deprecated and will be ignored [-Wunused-command-line-argument]
clang: warning: argument unused during compilation: '-fuse-ld=/rivos/riscv-gnu-toolchain/bin/riscv64-unknown-linux-gnu-ld.bfd' [-Wunused-command-line-argument]
clang: warning: argument unused during compilation: '-rtlib=libgcc' [-Wunused-command-line-argument]
clang: warning: argument unused during compilation: '-stdlib=libstdc++' [-Wunused-command-line-argument]
/home/preames/llvm-dev/build/bin/clang --sysroot=/rivos/riscv-gnu-toolchain/sysroot  -target riscv64-unknown-linux-gnu --gcc-toolchain=/rivos/riscv-gnu-toolchain -fuse-ld=/rivos/riscv-gnu-toolchain/bin/riscv64-unknown-linux-gnu-ld.bfd -rtlib=libgcc -stdlib=libstdc++ -isystem /rivos/llvm/lib/clang/17/include -isystem /rivos/riscv-gnu-toolchain/lib/gcc/riscv64-unknown-linux-gnu/11.1.0/../../../../riscv64-unknown-linux-gnu/include -isystem /rivos/riscv-gnu-toolchain/sysroot/usr/include -O3 -fstrict-aliasing -mcpu=spacemit-x60 -mllvm -force-tail-folding-style=data -mllvm -prefer-predicate-over-epilogue=predicate-else-scalar-epilogue  -fvectorize -fslp-vectorize-aggressive  -c -o common.o common.c
clang: warning: the flag '-fslp-vectorize-aggressive' has been deprecated and will be ignored [-Wunused-command-line-argument]
clang: warning: argument unused during compilation: '-fuse-ld=/rivos/riscv-gnu-toolchain/bin/riscv64-unknown-linux-gnu-ld.bfd' [-Wunused-command-line-argument]
clang: warning: argument unused during compilation: '-rtlib=libgcc' [-Wunused-command-line-argument]
clang: warning: argument unused during compilation: '-stdlib=libstdc++' [-Wunused-command-line-argument]
/home/preames/llvm-dev/build/bin/clang --sysroot=/rivos/riscv-gnu-toolchain/sysroot  -target riscv64-unknown-linux-gnu --gcc-toolchain=/rivos/riscv-gnu-toolchain -fuse-ld=/rivos/riscv-gnu-toolchain/bin/riscv64-unknown-linux-gnu-ld.bfd -rtlib=libgcc -stdlib=libstdc++ -isystem /rivos/llvm/lib/clang/17/include -isystem /rivos/riscv-gnu-toolchain/lib/gcc/riscv64-unknown-linux-gnu/11.1.0/../../../../riscv64-unknown-linux-gnu/include -isystem /rivos/riscv-gnu-toolchain/sysroot/usr/include tsvc_vec.o dummy.o common.o -lm -o ../bin/clang/tsvc_vec_precise
/home/preames/llvm-dev/build/bin/clang --sysroot=/rivos/riscv-gnu-toolchain/sysroot  -target riscv64-unknown-linux-gnu --gcc-toolchain=/rivos/riscv-gnu-toolchain -fuse-ld=/rivos/riscv-gnu-toolchain/bin/riscv64-unknown-linux-gnu-ld.bfd -rtlib=libgcc -stdlib=libstdc++ -isystem /rivos/llvm/lib/clang/17/include -isystem /rivos/riscv-gnu-toolchain/lib/gcc/riscv64-unknown-linux-gnu/11.1.0/../../../../riscv64-unknown-linux-gnu/include -isystem /rivos/riscv-gnu-toolchain/sysroot/usr/include -O3 -fstrict-aliasing -mcpu=spacemit-x60 -mllvm -force-tail-folding-style=data -mllvm -prefer-predicate-over-epilogue=predicate-else-scalar-epilogue  -fno-vectorize -c -o tsvc_novec.o tsvc.c
clang: warning: argument unused during compilation: '-fuse-ld=/rivos/riscv-gnu-toolchain/bin/riscv64-unknown-linux-gnu-ld.bfd' [-Wunused-command-line-argument]
clang: warning: argument unused during compilation: '-rtlib=libgcc' [-Wunused-command-line-argument]
clang: warning: argument unused during compilation: '-stdlib=libstdc++' [-Wunused-command-line-argument]
/home/preames/llvm-dev/build/bin/clang --sysroot=/rivos/riscv-gnu-toolchain/sysroot  -target riscv64-unknown-linux-gnu --gcc-toolchain=/rivos/riscv-gnu-toolchain -fuse-ld=/rivos/riscv-gnu-toolchain/bin/riscv64-unknown-linux-gnu-ld.bfd -rtlib=libgcc -stdlib=libstdc++ -isystem /rivos/llvm/lib/clang/17/include -isystem /rivos/riscv-gnu-toolchain/lib/gcc/riscv64-unknown-linux-gnu/11.1.0/../../../../riscv64-unknown-linux-gnu/include -isystem /rivos/riscv-gnu-toolchain/sysroot/usr/include tsvc_novec.o dummy.o common.o -lm -o ../bin/clang/tsvc_novec_precise
rm common.o tsvc_vec.o dummy.o tsvc_novec.o
make[1]: Leaving directory '/home/preames/benchmarking/TSVC_2/src'
++ /home/preames/llvm-dev/build/bin/llvm-objdump -D --section=.text bin/clang/tsvc_vec_relaxed
++ scp bin/clang/tsvc_vec_relaxed 'k1-dev-board:~/'
tsvc_vec_relaxed                                                                                                                      100%  156KB  19.6KB/s   00:07    
++ ssh k1-dev-board -t '~/tsvc_vec_relaxed'
Loop 	Time(sec) 	Checksum
 s000	     6.832	512080000.000000
 s111	    12.108	32000.410156
s1111	    10.089	16005.822266
 s112	    48.104	84617.781250
s1112	    42.283	32001.644531
 s113	    14.102	32000.644531
s1113	    24.710	32001.644531
 s114	    27.934	919.861389
 s115	    26.833	31745.953125
s1115	    89.256	0.065533
 s116	    55.760	32000.000000
 s118	    45.962	85162.585938
 s119	     7.812	86338.992188
s1119	     7.704	119099.882812
 s121	    13.882	32009.031250
 s122	    11.415	196490.921875
 s123	    18.665	32003.287109
 s124	     8.888	32001.644531
 s125	     9.933	131072.000000
 s126	    15.653	66954.960938
 s127	    14.357	32003.287109
 s128	    14.675	80000.000000
 s131	    23.139	32009.031250
 s132	    13.614	65538.562500
 s141	    28.432	32487076.000000
 s151	    23.115	32009.031250
 s152	     9.332	152207.218750
 s161	    16.480	64002.058594
s1161	    36.647	64002.468750
 s162	     6.232	32009.031250
 s171	     4.488	196491.250000
 s172	     4.473	196491.250000
 s173	    23.662	32001.640625
 s174	    23.622	32001.640625
 s175	     4.679	32009.031250
 s176	     4.686	32063.832031
 s211	    26.439	63983.183594
 s212	    24.280	132011.375000
s1213	    20.258	132022.734375
 s221	    14.382	1543685120.000000
s1221	     3.457	630444416.000000
 s222	     4.026	32000.000000
 s231	   144.728	119099.882812
 s232	     5.048	65536.000000
s1232	   218.749	33958.011719
 s233	   746.629	504912.625000
s2233	   192.074	337652.906250
 s235	   321.306	160023.968750
 s241	    64.972	64000.000000
 s242	     5.401	1535952000.000000
 s243	    14.372	810624.937500
 s244	    31.044	70102.429688
s1244	    47.314	108496.445312
s2244	     8.955	70102.890625
 s251	    28.671	32004.371094
s1251	    56.350	400005.968750
s2251	    28.142	2.635709
s3251	    34.735	12.595594
 s252	     5.562	63999.000000
 s253	     9.571	3200010240.000000
 s254	    19.721	32000.000000
 s255	     7.074	31968.515625
 s256	    14.717	66207.703125
 s257	    23.596	163072.000000
 s258	     0.292	14.652790
 s261	    29.344	260999.156250
 s271	    27.141	689753.562500
 s272	     9.710	64000.000000
 s273	    13.232	99051.656250
 s274	    10.497	3200195584.000000
 s275	    36.755	65536.000000
s2275	   862.286	65536.000000
 s276	    52.372	689753.562500
 s277	    20.246	32000.000000
 s278	    17.588	64012.597656
 s279	    11.606	64014.289062
s1279	    10.057	64014.289062
s2710	     7.687	96003.281250
s2711	    27.179	689753.562500
s2712	    26.078	289751.656250
 s281	    26.516	32000.000000
s1281	    56.651	inf
 s291	    40.464	32000.000000
 s292	    32.279	31968.515625
 s293	     7.095	32000.000000
s2101	    12.988	1704092.000000
s2102	    18.700	256.000000
s2111	    27.538	34545052.000000
 s311	    28.584	10.950724
s31111	     4.868	10.950724
 s312	    15.613	1.030958
 s313	    20.798	1.644884
 s314	    14.360	1.000000
 s315	    22.321	54857.000000
 s316	    15.551	0.000031
 s317	     1.276	0.000000
 s318	    17.407	32002.000000
 s319	    18.065	43.802910
s3110	    19.581	514.000000
s13110	    19.581	514.000000
s3111	     1.567	10.950724
s3112	     9.774	1.644725
s3113	    13.011	2.000000
 s321	    11.797	32000.000000
 s322	    10.600	32000.000000
 s323	    19.214	146484.968750
 s331	     2.031	32000.000000
 s332	    18.447	-1.000000
 s341	    26.276	10.950724
 s342	    30.820	10.950724
 s343	    16.314	1567.833496
 s351	    90.784	25600002048.000000
s1351	    37.444	32010.253906
 s352	    61.798	1.644891
 s353	    16.184	3200002816.000000
 s421	    19.109	32009.031250
s1421	    21.066	16000.000000
 s422	    38.125	257.701416
 s423	    21.991	439.690308
 s424	    18.423	822.360596
 s431	    45.415	1674247.125000
 s441	    14.842	196491.250000
 s442	    10.738	114240.132812
 s443	    17.757	361015.906250
 s451	    28.498	32009.281250
 s452	    26.036	32512.015625
 s453	     8.060	21.901447
 s471	     5.594	64004.933594
 s481	    33.274	196491.250000
 s482	    27.779	196491.250000
 s491	    13.841	32001.644531
s4112	     9.243	1127134.250000
s4113	    12.835	32001.644531
s4114	    15.197	32000.000000
s4115	     8.923	1.038800
s4116	     7.100	0.753265
s4117	    10.171	32002.207031
s4121	     6.025	196491.250000
   va	    22.751	1.644884
  vag	    14.596	1.644884
  vas	    14.185	1.644885
  vif	     4.216	1.644884
  vpv	    45.180	1642411.250000
  vtv	    45.155	32000.000000
vpvtv	    24.071	689753.562500
vpvts	     4.710	175255268098048.000000
vpvpv	    24.567	1.644884
vtvtv	    24.606	32000.000000
vsumr	    28.666	10.950724
vdotr	    41.314	1.644884
 vbor	     1.064	31924.050781
Connection to 192.168.2.19 closed.

real	94m2.718s
user	0m0.020s
sys	0m0.028s
